14-09-2023 09:03:07 PM | [error] | Status Code: 404 - Error: {"status":"NotFound","statusCode":404,"message":"(/api/v1/yt/logsa) Route not found!"}
14-09-2023 09:03:07 PM | [error] | Status Code: 404 - Error: {"status":"NotFound","statusCode":404,"message":"(/api/v1/yt/logsa) Route not found!"}
14-09-2023 09:03:07 PM | [error] | Status Code: 404 - Error: {"status":"NotFound","statusCode":404,"message":"(/api/v1/yt/logsa) Route not found!"}
14-09-2023 09:03:07 PM | [error] | Status Code: 404 - Error: {"status":"NotFound","statusCode":404,"message":"(/api/v1/yt/logsa) Route not found!"}
14-09-2023 09:03:08 PM | [error] | Status Code: 404 - Error: {"status":"NotFound","statusCode":404,"message":"(/api/v1/yt/logsa) Route not found!"}
14-09-2023 09:04:20 PM | [info] | [ Ctrl + C ] Graceful shutdown.
25-09-2023 11:13:49 PM | [info] | [ Startup ] App is listening on http://localhost:5000 - With Node Process ID is 173862
25-09-2023 11:13:52 PM | [info] | [ Ctrl + C ] Graceful shutdown.
25-09-2023 11:20:33 PM | [info] | [ Startup ] App is listening on http://localhost:5000 - With Node Process ID is 176119
25-09-2023 11:20:34 PM | [info] | [ Ctrl + C ] Graceful shutdown.
25-09-2023 11:21:51 PM | [info] | [ Startup ] App is listening on http://localhost:5000 - With Node Process ID is 176843
25-09-2023 11:21:52 PM | [info] | [ Ctrl + C ] Graceful shutdown.
25-09-2023 11:44:54 PM | [info] | [ Startup ] App is listening on http://localhost:5000 - With Node Process ID is 187064
25-09-2023 11:44:56 PM | [info] | [ Ctrl + C ] Graceful shutdown.
25-09-2023 11:45:18 PM | [info] | [ Startup ] App is listening on http://localhost:5000 - With Node Process ID is 187333
25-09-2023 11:45:20 PM | [info] | [ Ctrl + C ] Graceful shutdown.
26-09-2023 12:29:31 AM | [info] | [ Startup ] App is listening on http://localhost:5000 - With Node Process ID is 206148
26-09-2023 12:29:33 AM | [info] | [ Ctrl + C ] Graceful shutdown.
26-09-2023 12:53:51 AM | [info] | [ Startup ] App is listening on http://localhost:5000 - With Node Process ID is 215402
26-09-2023 12:53:52 AM | [info] | [ Ctrl + C ] Graceful shutdown.
26-09-2023 12:07:09 PM | [info] | [ Startup ] App is listening on http://localhost:5000 - With Node Process ID is 151945
26-09-2023 12:07:16 PM | [info] | [ Ctrl + C ] Graceful shutdown.
26-09-2023 12:07:32 PM | [info] | [ Startup ] App is listening on http://localhost:5000 - With Node Process ID is 152082
26-09-2023 12:07:34 PM | [info] | [ Ctrl + C ] Graceful shutdown.
