14-09-2023 06:58:01 PM | [info] | [ Startup ] App is listening on http://localhost:5000 - With Node Process ID is 290344
14-09-2023 06:58:12 PM | [error] | Status Code: 404 - Error: {"status":"NotFound","statusCode":404,"message":"(/api/v1/yt/logsa?aa=bb&xx=yy) Route not found!"}
14-09-2023 06:58:31 PM | [info] | [ Kill 290344 ] Graceful shutdown.
14-09-2023 06:58:39 PM | [info] | [ Ctrl + C ] Graceful shutdown.
14-09-2023 07:54:45 PM | [info] | [ Ctrl + C ] Graceful shutdown.
14-09-2023 07:54:50 PM | [info] | [ Startup ] App is listening on http://localhost:5000 - With Node Process ID is 341967
14-09-2023 07:54:52 PM | [info] | [ Ctrl + C ] Graceful shutdown.
14-09-2023 08:42:38 PM | [info] | [ Startup ] App is listening on http://localhost:5000 - With Node Process ID is 365729
14-09-2023 08:42:39 PM | [info] | [ Ctrl + C ] Graceful shutdown.
14-09-2023 09:02:37 PM | [info] | [ Startup ] App is listening on http://localhost:5000 - With Node Process ID is 391806
14-09-2023 09:02:48 PM | [error] | Status Code: 404 - Error: {"status":"NotFound","statusCode":404,"message":"(/api/v1/yt/logsa) Route not found!"}
14-09-2023 09:02:49 PM | [error] | Status Code: 404 - Error: {"status":"NotFound","statusCode":404,"message":"(/api/v1/yt/logsa) Route not found!"}
14-09-2023 09:02:50 PM | [error] | Status Code: 404 - Error: {"status":"NotFound","statusCode":404,"message":"(/api/v1/yt/logsa) Route not found!"}
14-09-2023 09:02:50 PM | [error] | Status Code: 404 - Error: {"status":"NotFound","statusCode":404,"message":"(/api/v1/yt/logsa) Route not found!"}
14-09-2023 09:02:50 PM | [error] | Status Code: 404 - Error: {"status":"NotFound","statusCode":404,"message":"(/api/v1/yt/logsa) Route not found!"}
14-09-2023 09:02:50 PM | [error] | Status Code: 404 - Error: {"status":"NotFound","statusCode":404,"message":"(/api/v1/yt/logsa) Route not found!"}
14-09-2023 09:02:50 PM | [error] | Status Code: 404 - Error: {"status":"NotFound","statusCode":404,"message":"(/api/v1/yt/logsa) Route not found!"}
14-09-2023 09:02:50 PM | [error] | Status Code: 404 - Error: {"status":"NotFound","statusCode":404,"message":"(/api/v1/yt/logsa) Route not found!"}
14-09-2023 09:02:51 PM | [error] | Status Code: 404 - Error: {"status":"NotFound","statusCode":404,"message":"(/api/v1/yt/logsa) Route not found!"}
14-09-2023 09:02:51 PM | [error] | Status Code: 404 - Error: {"status":"NotFound","statusCode":404,"message":"(/api/v1/yt/logsa) Route not found!"}
14-09-2023 09:02:51 PM | [error] | Status Code: 404 - Error: {"status":"NotFound","statusCode":404,"message":"(/api/v1/yt/logsa) Route not found!"}
14-09-2023 09:02:51 PM | [error] | Status Code: 404 - Error: {"status":"NotFound","statusCode":404,"message":"(/api/v1/yt/logsa) Route not found!"}
14-09-2023 09:02:51 PM | [error] | Status Code: 404 - Error: {"status":"NotFound","statusCode":404,"message":"(/api/v1/yt/logsa) Route not found!"}
14-09-2023 09:02:51 PM | [error] | Status Code: 404 - Error: {"status":"NotFound","statusCode":404,"message":"(/api/v1/yt/logsa) Route not found!"}
14-09-2023 09:02:52 PM | [error] | Status Code: 404 - Error: {"status":"NotFound","statusCode":404,"message":"(/api/v1/yt/logsa) Route not found!"}
14-09-2023 09:02:52 PM | [error] | Status Code: 404 - Error: {"status":"NotFound","statusCode":404,"message":"(/api/v1/yt/logsa) Route not found!"}
14-09-2023 09:02:52 PM | [error] | Status Code: 404 - Error: {"status":"NotFound","statusCode":404,"message":"(/api/v1/yt/logsa) Route not found!"}
14-09-2023 09:02:52 PM | [error] | Status Code: 404 - Error: {"status":"NotFound","statusCode":404,"message":"(/api/v1/yt/logsa) Route not found!"}
14-09-2023 09:02:52 PM | [error] | Status Code: 404 - Error: {"status":"NotFound","statusCode":404,"message":"(/api/v1/yt/logsa) Route not found!"}
14-09-2023 09:02:53 PM | [error] | Status Code: 404 - Error: {"status":"NotFound","statusCode":404,"message":"(/api/v1/yt/logsa) Route not found!"}
14-09-2023 09:02:53 PM | [error] | Status Code: 404 - Error: {"status":"NotFound","statusCode":404,"message":"(/api/v1/yt/logsa) Route not found!"}
14-09-2023 09:02:53 PM | [error] | Status Code: 404 - Error: {"status":"NotFound","statusCode":404,"message":"(/api/v1/yt/logsa) Route not found!"}
14-09-2023 09:02:59 PM | [error] | Status Code: 404 - Error: {"status":"NotFound","statusCode":404,"message":"(/api/v1/yt/logsa) Route not found!"}
14-09-2023 09:02:59 PM | [error] | Status Code: 404 - Error: {"status":"NotFound","statusCode":404,"message":"(/api/v1/yt/logsa) Route not found!"}
14-09-2023 09:02:59 PM | [error] | Status Code: 404 - Error: {"status":"NotFound","statusCode":404,"message":"(/api/v1/yt/logsa) Route not found!"}
14-09-2023 09:02:59 PM | [error] | Status Code: 404 - Error: {"status":"NotFound","statusCode":404,"message":"(/api/v1/yt/logsa) Route not found!"}
14-09-2023 09:03:00 PM | [error] | Status Code: 404 - Error: {"status":"NotFound","statusCode":404,"message":"(/api/v1/yt/logsa) Route not found!"}
14-09-2023 09:03:00 PM | [error] | Status Code: 404 - Error: {"status":"NotFound","statusCode":404,"message":"(/api/v1/yt/logsa) Route not found!"}
14-09-2023 09:03:00 PM | [error] | Status Code: 404 - Error: {"status":"NotFound","statusCode":404,"message":"(/api/v1/yt/logsa) Route not found!"}
14-09-2023 09:03:00 PM | [error] | Status Code: 404 - Error: {"status":"NotFound","statusCode":404,"message":"(/api/v1/yt/logsa) Route not found!"}
14-09-2023 09:03:00 PM | [error] | Status Code: 404 - Error: {"status":"NotFound","statusCode":404,"message":"(/api/v1/yt/logsa) Route not found!"}
14-09-2023 09:03:00 PM | [error] | Status Code: 404 - Error: {"status":"NotFound","statusCode":404,"message":"(/api/v1/yt/logsa) Route not found!"}
14-09-2023 09:03:00 PM | [error] | Status Code: 404 - Error: {"status":"NotFound","statusCode":404,"message":"(/api/v1/yt/logsa) Route not found!"}
14-09-2023 09:03:01 PM | [error] | Status Code: 404 - Error: {"status":"NotFound","statusCode":404,"message":"(/api/v1/yt/logsa) Route not found!"}
14-09-2023 09:03:01 PM | [error] | Status Code: 404 - Error: {"status":"NotFound","statusCode":404,"message":"(/api/v1/yt/logsa) Route not found!"}
14-09-2023 09:03:01 PM | [error] | Status Code: 404 - Error: {"status":"NotFound","statusCode":404,"message":"(/api/v1/yt/logsa) Route not found!"}
14-09-2023 09:03:01 PM | [error] | Status Code: 404 - Error: {"status":"NotFound","statusCode":404,"message":"(/api/v1/yt/logsa) Route not found!"}
14-09-2023 09:03:01 PM | [error] | Status Code: 404 - Error: {"status":"NotFound","statusCode":404,"message":"(/api/v1/yt/logsa) Route not found!"}
14-09-2023 09:03:01 PM | [error] | Status Code: 404 - Error: {"status":"NotFound","statusCode":404,"message":"(/api/v1/yt/logsa) Route not found!"}
14-09-2023 09:03:02 PM | [error] | Status Code: 404 - Error: {"status":"NotFound","statusCode":404,"message":"(/api/v1/yt/logsa) Route not found!"}
14-09-2023 09:03:02 PM | [error] | Status Code: 404 - Error: {"status":"NotFound","statusCode":404,"message":"(/api/v1/yt/logsa) Route not found!"}
14-09-2023 09:03:02 PM | [error] | Status Code: 404 - Error: {"status":"NotFound","statusCode":404,"message":"(/api/v1/yt/logsa) Route not found!"}
14-09-2023 09:03:02 PM | [error] | Status Code: 404 - Error: {"status":"NotFound","statusCode":404,"message":"(/api/v1/yt/logsa) Route not found!"}
14-09-2023 09:03:02 PM | [error] | Status Code: 404 - Error: {"status":"NotFound","statusCode":404,"message":"(/api/v1/yt/logsa) Route not found!"}
14-09-2023 09:03:02 PM | [error] | Status Code: 404 - Error: {"status":"NotFound","statusCode":404,"message":"(/api/v1/yt/logsa) Route not found!"}
14-09-2023 09:03:03 PM | [error] | Status Code: 404 - Error: {"status":"NotFound","statusCode":404,"message":"(/api/v1/yt/logsa) Route not found!"}
14-09-2023 09:03:03 PM | [error] | Status Code: 404 - Error: {"status":"NotFound","statusCode":404,"message":"(/api/v1/yt/logsa) Route not found!"}
14-09-2023 09:03:03 PM | [error] | Status Code: 404 - Error: {"status":"NotFound","statusCode":404,"message":"(/api/v1/yt/logsa) Route not found!"}
14-09-2023 09:03:03 PM | [error] | Status Code: 404 - Error: {"status":"NotFound","statusCode":404,"message":"(/api/v1/yt/logsa) Route not found!"}
14-09-2023 09:03:03 PM | [error] | Status Code: 404 - Error: {"status":"NotFound","statusCode":404,"message":"(/api/v1/yt/logsa) Route not found!"}
14-09-2023 09:03:04 PM | [error] | Status Code: 404 - Error: {"status":"NotFound","statusCode":404,"message":"(/api/v1/yt/logsa) Route not found!"}
14-09-2023 09:03:04 PM | [error] | Status Code: 404 - Error: {"status":"NotFound","statusCode":404,"message":"(/api/v1/yt/logsa) Route not found!"}
14-09-2023 09:03:04 PM | [error] | Status Code: 404 - Error: {"status":"NotFound","statusCode":404,"message":"(/api/v1/yt/logsa) Route not found!"}
14-09-2023 09:03:04 PM | [error] | Status Code: 404 - Error: {"status":"NotFound","statusCode":404,"message":"(/api/v1/yt/logsa) Route not found!"}
14-09-2023 09:03:04 PM | [error] | Status Code: 404 - Error: {"status":"NotFound","statusCode":404,"message":"(/api/v1/yt/logsa) Route not found!"}
14-09-2023 09:03:04 PM | [error] | Status Code: 404 - Error: {"status":"NotFound","statusCode":404,"message":"(/api/v1/yt/logsa) Route not found!"}
14-09-2023 09:03:05 PM | [error] | Status Code: 404 - Error: {"status":"NotFound","statusCode":404,"message":"(/api/v1/yt/logsa) Route not found!"}
14-09-2023 09:03:05 PM | [error] | Status Code: 404 - Error: {"status":"NotFound","statusCode":404,"message":"(/api/v1/yt/logsa) Route not found!"}
14-09-2023 09:03:06 PM | [error] | Status Code: 404 - Error: {"status":"NotFound","statusCode":404,"message":"(/api/v1/yt/logsa) Route not found!"}
14-09-2023 09:03:06 PM | [error] | Status Code: 404 - Error: {"status":"NotFound","statusCode":404,"message":"(/api/v1/yt/logsa) Route not found!"}
14-09-2023 09:03:06 PM | [error] | Status Code: 404 - Error: {"status":"NotFound","statusCode":404,"message":"(/api/v1/yt/logsa) Route not found!"}
14-09-2023 09:03:07 PM | [error] | Status Code: 404 - Error: {"status":"NotFound","statusCode":404,"message":"(/api/v1/yt/logsa) Route not found!"}
14-09-2023 09:03:07 PM | [error] | Status Code: 404 - Error: {"status":"NotFound","statusCode":404,"message":"(/api/v1/yt/logsa) Route not found!"}
14-09-2023 09:03:07 PM | [error] | Status Code: 404 - Error: {"status":"NotFound","statusCode":404,"message":"(/api/v1/yt/logsa) Route not found!"}
